[0m17:22:07.493114 [debug] [MainThread]: Sending event: {'category': 'dbt', 'action': 'invocation', 'label': 'start', 'context': [<snowplow_tracker.self_describing_json.SelfDescribingJson object at 0x00000223B11E59A0>, <snowplow_tracker.self_describing_json.SelfDescribingJson object at 0x00000223B13A5040>, <snowplow_tracker.self_describing_json.SelfDescribingJson object at 0x00000223ADCD94C0>]}


============================== 17:22:07.496113 | 4296fc2d-1395-43d4-b65d-66f6f94b7341 ==============================
[0m17:22:07.496113 [info ] [MainThread]: Running with dbt=1.8.4
[0m17:22:07.497113 [debug] [MainThread]: running dbt with arguments {'printer_width': '80', 'indirect_selection': 'eager', 'write_json': 'True', 'log_cache_events': 'False', 'partial_parse': 'True', 'cache_selected_only': 'False', 'profiles_dir': 'C:\\Users\\rmpan\\.dbt', 'version_check': 'True', 'fail_fast': 'False', 'log_path': 'logs', 'debug': 'False', 'warn_error': 'None', 'use_colors': 'True', 'use_experimental_parser': 'False', 'no_print': 'None', 'quiet': 'False', 'empty': 'None', 'warn_error_options': 'WarnErrorOptions(include=[], exclude=[])', 'static_parser': 'True', 'introspect': 'True', 'invocation_command': 'dbt debug', 'target_path': 'None', 'log_format': 'default', 'send_anonymous_usage_stats': 'True'}
[0m17:22:07.513670 [info ] [MainThread]: dbt version: 1.8.4
[0m17:22:07.514670 [info ] [MainThread]: python version: 3.12.4
[0m17:22:07.514670 [info ] [MainThread]: python path: C:\Users\rmpan\OneDrive\Documentos\projetos_data\northwind_project_dbt\.venv\Scripts\python.exe
[0m17:22:07.515672 [info ] [MainThread]: os info: Windows-11-10.0.22631-SP0
[0m17:22:07.623910 [info ] [MainThread]: Using profiles dir at C:\Users\rmpan\.dbt
[0m17:22:07.623910 [info ] [MainThread]: Using profiles.yml file at C:\Users\rmpan\.dbt\profiles.yml
[0m17:22:07.628417 [info ] [MainThread]: Using dbt_project.yml file at C:\Users\rmpan\OneDrive\Documentos\projetos_data\northwind_project_dbt\northwind\dbt_project.yml
[0m17:22:07.629288 [info ] [MainThread]: adapter type: postgres
[0m17:22:07.630242 [info ] [MainThread]: adapter version: 1.8.2
[0m17:22:07.630242 [info ] [MainThread]: Configuration:
[0m17:22:07.630242 [info ] [MainThread]:   profiles.yml file [[32mOK found and valid[0m]
[0m17:22:07.630242 [info ] [MainThread]:   dbt_project.yml file [[31mERROR not found[0m]
[0m17:22:07.630242 [info ] [MainThread]: Required dependencies:
[0m17:22:07.630242 [debug] [MainThread]: Executing "git --help"
[0m17:22:07.648020 [debug] [MainThread]: STDOUT: "b"usage: git [-v | --version] [-h | --help] [-C <path>] [-c <name>=<value>]\n           [--exec-path[=<path>]] [--html-path] [--man-path] [--info-path]\n           [-p | --paginate | -P | --no-pager] [--no-replace-objects] [--bare]\n           [--git-dir=<path>] [--work-tree=<path>] [--namespace=<name>]\n           [--config-env=<name>=<envvar>] <command> [<args>]\n\nThese are common Git commands used in various situations:\n\nstart a working area (see also: git help tutorial)\n   clone     Clone a repository into a new directory\n   init      Create an empty Git repository or reinitialize an existing one\n\nwork on the current change (see also: git help everyday)\n   add       Add file contents to the index\n   mv        Move or rename a file, a directory, or a symlink\n   restore   Restore working tree files\n   rm        Remove files from the working tree and from the index\n\nexamine the history and state (see also: git help revisions)\n   bisect    Use binary search to find the commit that introduced a bug\n   diff      Show changes between commits, commit and working tree, etc\n   grep      Print lines matching a pattern\n   log       Show commit logs\n   show      Show various types of objects\n   status    Show the working tree status\n\ngrow, mark and tweak your common history\n   branch    List, create, or delete branches\n   commit    Record changes to the repository\n   merge     Join two or more development histories together\n   rebase    Reapply commits on top of another base tip\n   reset     Reset current HEAD to the specified state\n   switch    Switch branches\n   tag       Create, list, delete or verify a tag object signed with GPG\n\ncollaborate (see also: git help workflows)\n   fetch     Download objects and refs from another repository\n   pull      Fetch from and integrate with another repository or a local branch\n   push      Update remote refs along with associated objects\n\n'git help -a' and 'git help -g' list available subcommands and some\nconcept guides. See 'git help <command>' or 'git help <concept>'\nto read about a specific subcommand or concept.\nSee 'git help git' for an overview of the system.\n""
[0m17:22:07.648942 [debug] [MainThread]: STDERR: "b''"
[0m17:22:07.648942 [info ] [MainThread]:  - git [[32mOK found[0m]

[0m17:22:07.648942 [info ] [MainThread]: Connection:
[0m17:22:07.648942 [info ] [MainThread]:   host: northwind.postgres.database.azure.com
[0m17:22:07.648942 [info ] [MainThread]:   port: 5432
[0m17:22:07.648942 [info ] [MainThread]:   user: postgres
[0m17:22:07.648942 [info ] [MainThread]:   database: postgres
[0m17:22:07.648942 [info ] [MainThread]:   schema: postgres
[0m17:22:07.648942 [info ] [MainThread]:   connect_timeout: 10
[0m17:22:07.653448 [info ] [MainThread]:   role: None
[0m17:22:07.654454 [info ] [MainThread]:   search_path: None
[0m17:22:07.654679 [info ] [MainThread]:   keepalives_idle: 0
[0m17:22:07.654679 [info ] [MainThread]:   sslmode: None
[0m17:22:07.654679 [info ] [MainThread]:   sslcert: None
[0m17:22:07.654679 [info ] [MainThread]:   sslkey: None
[0m17:22:07.654679 [info ] [MainThread]:   sslrootcert: None
[0m17:22:07.654679 [info ] [MainThread]:   application_name: dbt
[0m17:22:07.654679 [info ] [MainThread]:   retries: 1
[0m17:22:07.658245 [info ] [MainThread]: Registered adapter: postgres=1.8.2
[0m17:22:07.659530 [debug] [MainThread]: Acquiring new postgres connection 'debug'
[0m17:22:09.388344 [debug] [MainThread]: Using postgres connection "debug"
[0m17:22:09.388344 [debug] [MainThread]: On debug: select 1 as id
[0m17:22:09.388344 [debug] [MainThread]: Opening a new connection, currently in state init
[0m17:22:09.417917 [debug] [MainThread]: Postgres adapter: Got a retryable error when attempting to open a postgres connection.
1 attempts remaining. Retrying in 0 seconds.
Error:
could not translate host name "northwind.postgres.database.azure.com" to address: No such host is known. 

[0m17:22:09.418950 [debug] [MainThread]: Postgres adapter: Error running SQL: select 1 as id
[0m17:22:09.419954 [debug] [MainThread]: Postgres adapter: Rolling back transaction.
[0m17:22:09.419954 [debug] [MainThread]: On debug: No close available on handle
[0m17:22:09.419954 [info ] [MainThread]:   Connection test: [[31mERROR[0m]

[0m17:22:09.420953 [info ] [MainThread]: [31m2 checks failed:[0m
[0m17:22:09.421953 [info ] [MainThread]: Project loading failed for the following reason:
 project path <C:\Users\rmpan\OneDrive\Documentos\projetos_data\northwind_project_dbt\northwind\dbt_project.yml> not found

[0m17:22:09.421953 [info ] [MainThread]: dbt was unable to connect to the specified database.
The database returned the following error:

  >Database Error
  could not translate host name "northwind.postgres.database.azure.com" to address: No such host is known. 
  

Check your database credentials and try again. For more information, visit:
https://docs.getdbt.com/docs/configure-your-profile


[0m17:22:09.424285 [debug] [MainThread]: Command `dbt debug` failed at 17:22:09.424285 after 2.04 seconds
[0m17:22:09.424285 [debug] [MainThread]: Connection 'debug' was properly closed.
[0m17:22:09.424285 [debug] [MainThread]: Sending event: {'category': 'dbt', 'action': 'invocation', 'label': 'end', 'context': [<snowplow_tracker.self_describing_json.SelfDescribingJson object at 0x00000223AB9E5A60>, <snowplow_tracker.self_describing_json.SelfDescribingJson object at 0x00000223B0BA22D0>, <snowplow_tracker.self_describing_json.SelfDescribingJson object at 0x00000223AB26B890>]}
[0m17:22:09.424285 [debug] [MainThread]: Flushing usage events
[0m17:22:30.861067 [debug] [MainThread]: Sending event: {'category': 'dbt', 'action': 'invocation', 'label': 'start', 'context': [<snowplow_tracker.self_describing_json.SelfDescribingJson object at 0x000002AD24407A40>, <snowplow_tracker.self_describing_json.SelfDescribingJson object at 0x000002AD26E29430>, <snowplow_tracker.self_describing_json.SelfDescribingJson object at 0x000002AD26AEEFF0>]}


============================== 17:22:30.865628 | 68af6758-efe9-40db-9017-b02e5a41a8a0 ==============================
[0m17:22:30.865628 [info ] [MainThread]: Running with dbt=1.8.4
[0m17:22:30.865628 [debug] [MainThread]: running dbt with arguments {'printer_width': '80', 'indirect_selection': 'eager', 'log_cache_events': 'False', 'write_json': 'True', 'partial_parse': 'True', 'cache_selected_only': 'False', 'warn_error': 'None', 'fail_fast': 'False', 'debug': 'False', 'log_path': 'logs', 'profiles_dir': 'C:\\Users\\rmpan\\.dbt', 'version_check': 'True', 'use_colors': 'True', 'use_experimental_parser': 'False', 'no_print': 'None', 'quiet': 'False', 'empty': 'None', 'log_format': 'default', 'invocation_command': 'dbt init', 'introspect': 'True', 'static_parser': 'True', 'target_path': 'None', 'warn_error_options': 'WarnErrorOptions(include=[], exclude=[])', 'send_anonymous_usage_stats': 'True'}
[0m17:22:35.726108 [debug] [MainThread]: Starter project path: C:\Users\rmpan\OneDrive\Documentos\projetos_data\northwind_project_dbt\.venv\Lib\site-packages\dbt\include\starter_project
[0m17:22:35.751126 [info ] [MainThread]: 
Your new dbt project "northwind" was created!

For more information on how to configure the profiles.yml file,
please consult the dbt documentation here:

  https://docs.getdbt.com/docs/configure-your-profile

One more thing:

Need help? Don't hesitate to reach out to us via GitHub issues or on Slack:

  https://community.getdbt.com/

Happy modeling!

[0m17:22:35.753157 [info ] [MainThread]: Setting up your profile.
[0m17:22:58.604085 [debug] [MainThread]: Command `dbt init` succeeded at 17:22:58.604085 after 27.83 seconds
[0m17:22:58.605117 [debug] [MainThread]: Sending event: {'category': 'dbt', 'action': 'invocation', 'label': 'end', 'context': [<snowplow_tracker.self_describing_json.SelfDescribingJson object at 0x000002AD26D98770>, <snowplow_tracker.self_describing_json.SelfDescribingJson object at 0x000002AD26F19AC0>, <snowplow_tracker.self_describing_json.SelfDescribingJson object at 0x000002AD21215A60>]}
[0m17:22:58.605117 [debug] [MainThread]: Flushing usage events
[0m17:23:10.834832 [debug] [MainThread]: Sending event: {'category': 'dbt', 'action': 'invocation', 'label': 'start', 'context': [<snowplow_tracker.self_describing_json.SelfDescribingJson object at 0x000001B3A8405DF0>, <snowplow_tracker.self_describing_json.SelfDescribingJson object at 0x000001B3A80D4830>, <snowplow_tracker.self_describing_json.SelfDescribingJson object at 0x000001B3A4B595B0>]}


============================== 17:23:10.834832 | b8d6d237-bbea-45fe-b001-a569d328caa7 ==============================
[0m17:23:10.834832 [info ] [MainThread]: Running with dbt=1.8.4
[0m17:23:10.839839 [debug] [MainThread]: running dbt with arguments {'printer_width': '80', 'indirect_selection': 'eager', 'write_json': 'True', 'log_cache_events': 'False', 'partial_parse': 'True', 'cache_selected_only': 'False', 'warn_error': 'None', 'version_check': 'True', 'debug': 'False', 'log_path': 'logs', 'fail_fast': 'False', 'profiles_dir': 'C:\\Users\\rmpan\\.dbt', 'use_colors': 'True', 'use_experimental_parser': 'False', 'no_print': 'None', 'quiet': 'False', 'empty': 'None', 'log_format': 'default', 'invocation_command': 'dbt debug', 'introspect': 'True', 'static_parser': 'True', 'target_path': 'None', 'warn_error_options': 'WarnErrorOptions(include=[], exclude=[])', 'send_anonymous_usage_stats': 'True'}
[0m17:23:10.855598 [info ] [MainThread]: dbt version: 1.8.4
[0m17:23:10.857047 [info ] [MainThread]: python version: 3.12.4
[0m17:23:10.857047 [info ] [MainThread]: python path: C:\Users\rmpan\OneDrive\Documentos\projetos_data\northwind_project_dbt\.venv\Scripts\python.exe
[0m17:23:10.857047 [info ] [MainThread]: os info: Windows-11-10.0.22631-SP0
[0m17:23:10.943270 [info ] [MainThread]: Using profiles dir at C:\Users\rmpan\.dbt
[0m17:23:10.944311 [info ] [MainThread]: Using profiles.yml file at C:\Users\rmpan\.dbt\profiles.yml
[0m17:23:10.945095 [info ] [MainThread]: Using dbt_project.yml file at C:\Users\rmpan\OneDrive\Documentos\projetos_data\northwind_project_dbt\northwind\dbt_project.yml
[0m17:23:10.946352 [info ] [MainThread]: adapter type: postgres
[0m17:23:10.946884 [info ] [MainThread]: adapter version: 1.8.2
[0m17:23:10.947414 [info ] [MainThread]: Configuration:
[0m17:23:10.947941 [info ] [MainThread]:   profiles.yml file [[32mOK found and valid[0m]
[0m17:23:10.948474 [info ] [MainThread]:   dbt_project.yml file [[31mERROR not found[0m]
[0m17:23:10.948474 [info ] [MainThread]: Required dependencies:
[0m17:23:10.949004 [debug] [MainThread]: Executing "git --help"
[0m17:23:10.965181 [debug] [MainThread]: STDOUT: "b"usage: git [-v | --version] [-h | --help] [-C <path>] [-c <name>=<value>]\n           [--exec-path[=<path>]] [--html-path] [--man-path] [--info-path]\n           [-p | --paginate | -P | --no-pager] [--no-replace-objects] [--bare]\n           [--git-dir=<path>] [--work-tree=<path>] [--namespace=<name>]\n           [--config-env=<name>=<envvar>] <command> [<args>]\n\nThese are common Git commands used in various situations:\n\nstart a working area (see also: git help tutorial)\n   clone     Clone a repository into a new directory\n   init      Create an empty Git repository or reinitialize an existing one\n\nwork on the current change (see also: git help everyday)\n   add       Add file contents to the index\n   mv        Move or rename a file, a directory, or a symlink\n   restore   Restore working tree files\n   rm        Remove files from the working tree and from the index\n\nexamine the history and state (see also: git help revisions)\n   bisect    Use binary search to find the commit that introduced a bug\n   diff      Show changes between commits, commit and working tree, etc\n   grep      Print lines matching a pattern\n   log       Show commit logs\n   show      Show various types of objects\n   status    Show the working tree status\n\ngrow, mark and tweak your common history\n   branch    List, create, or delete branches\n   commit    Record changes to the repository\n   merge     Join two or more development histories together\n   rebase    Reapply commits on top of another base tip\n   reset     Reset current HEAD to the specified state\n   switch    Switch branches\n   tag       Create, list, delete or verify a tag object signed with GPG\n\ncollaborate (see also: git help workflows)\n   fetch     Download objects and refs from another repository\n   pull      Fetch from and integrate with another repository or a local branch\n   push      Update remote refs along with associated objects\n\n'git help -a' and 'git help -g' list available subcommands and some\nconcept guides. See 'git help <command>' or 'git help <concept>'\nto read about a specific subcommand or concept.\nSee 'git help git' for an overview of the system.\n""
[0m17:23:10.965181 [debug] [MainThread]: STDERR: "b''"
[0m17:23:10.965181 [info ] [MainThread]:  - git [[32mOK found[0m]

[0m17:23:10.965181 [info ] [MainThread]: Connection:
[0m17:23:10.965181 [info ] [MainThread]:   host: northwind.postgres.database.azure.com
[0m17:23:10.969765 [info ] [MainThread]:   port: 5432
[0m17:23:10.970447 [info ] [MainThread]:   user: postgres
[0m17:23:10.970447 [info ] [MainThread]:   database: postgres
[0m17:23:10.970447 [info ] [MainThread]:   schema: postgres
[0m17:23:10.970447 [info ] [MainThread]:   connect_timeout: 10
[0m17:23:10.970447 [info ] [MainThread]:   role: None
[0m17:23:10.970447 [info ] [MainThread]:   search_path: None
[0m17:23:10.970447 [info ] [MainThread]:   keepalives_idle: 0
[0m17:23:10.973820 [info ] [MainThread]:   sslmode: None
[0m17:23:10.974828 [info ] [MainThread]:   sslcert: None
[0m17:23:10.974828 [info ] [MainThread]:   sslkey: None
[0m17:23:10.975830 [info ] [MainThread]:   sslrootcert: None
[0m17:23:10.975830 [info ] [MainThread]:   application_name: dbt
[0m17:23:10.976828 [info ] [MainThread]:   retries: 1
[0m17:23:10.977828 [info ] [MainThread]: Registered adapter: postgres=1.8.2
[0m17:23:10.977828 [debug] [MainThread]: Acquiring new postgres connection 'debug'
[0m17:23:11.036402 [debug] [MainThread]: Using postgres connection "debug"
[0m17:23:11.036402 [debug] [MainThread]: On debug: select 1 as id
[0m17:23:11.036402 [debug] [MainThread]: Opening a new connection, currently in state init
[0m17:23:11.064742 [debug] [MainThread]: Postgres adapter: Got a retryable error when attempting to open a postgres connection.
1 attempts remaining. Retrying in 0 seconds.
Error:
could not translate host name "northwind.postgres.database.azure.com" to address: No such host is known. 

[0m17:23:11.065749 [debug] [MainThread]: Postgres adapter: Error running SQL: select 1 as id
[0m17:23:11.066750 [debug] [MainThread]: Postgres adapter: Rolling back transaction.
[0m17:23:11.066750 [debug] [MainThread]: On debug: No close available on handle
[0m17:23:11.067752 [info ] [MainThread]:   Connection test: [[31mERROR[0m]

[0m17:23:11.068145 [info ] [MainThread]: [31m2 checks failed:[0m
[0m17:23:11.068145 [info ] [MainThread]: Project loading failed for the following reason:
 project path <C:\Users\rmpan\OneDrive\Documentos\projetos_data\northwind_project_dbt\northwind\dbt_project.yml> not found

[0m17:23:11.068145 [info ] [MainThread]: dbt was unable to connect to the specified database.
The database returned the following error:

  >Database Error
  could not translate host name "northwind.postgres.database.azure.com" to address: No such host is known. 
  

Check your database credentials and try again. For more information, visit:
https://docs.getdbt.com/docs/configure-your-profile


[0m17:23:11.072639 [debug] [MainThread]: Command `dbt debug` failed at 17:23:11.071780 after 0.32 seconds
[0m17:23:11.072639 [debug] [MainThread]: Connection 'debug' was properly closed.
[0m17:23:11.072639 [debug] [MainThread]: Sending event: {'category': 'dbt', 'action': 'invocation', 'label': 'end', 'context': [<snowplow_tracker.self_describing_json.SelfDescribingJson object at 0x000001B3A8438770>, <snowplow_tracker.self_describing_json.SelfDescribingJson object at 0x000001B3A74E46B0>, <snowplow_tracker.self_describing_json.SelfDescribingJson object at 0x000001B3A852A0C0>]}
[0m17:23:11.072639 [debug] [MainThread]: Flushing usage events
